<?xml version="1.0" encoding="UTF-8"?>
<!-- Generated by org.testng.reporters.JUnitReportReporter -->
<testsuite hostname="CCCNYC02UXA.local" name="tests.TestAnonymousUser" tests="1" failures="0" timestamp="21 Apr 2016 17:41:13 GMT" time="204.366" errors="0">
  <testcase name="AnonymousUserWorkflow" time="204.366" classname="tests.TestAnonymousUser"/>
</testsuite> <!-- tests.TestAnonymousUser -->
